<?xml version="1.0" encoding="UTF-8"?>
<testsuite xmlns:xsi="http://www.w3.org/2001/XMLSchema-instance" xsi:noNamespaceSchemaLocation="https://maven.apache.org/surefire/maven-surefire-plugin/xsd/surefire-test-report.xsd" name="com.chensoul.lss.OAuth2ProviderApplicationTests" time="1.436" tests="1" errors="0" skipped="0" failures="1">
  <properties>
    <property name="java.specification.version" value="21"/>
    <property name="sun.jnu.encoding" value="UTF-8"/>
    <property name="java.class.path" value="/Users/chensoul/codes/github/learn-spring-security/oauth2-legacy-lesson01/spring-boot-sample-secure-oauth2-provider/target/test-classes:/Users/chensoul/codes/github/learn-spring-security/oauth2-legacy-lesson01/spring-boot-sample-secure-oauth2-provider/target/classes:/Users/chensoul/.m2/repository/org/springframework/boot/spring-boot-starter-web/2.7.18/spring-boot-starter-web-2.7.18.jar:/Users/chensoul/.m2/repository/org/springframework/boot/spring-boot-starter/2.7.18/spring-boot-starter-2.7.18.jar:/Users/chensoul/.m2/repository/org/springframework/boot/spring-boot-starter-logging/2.7.18/spring-boot-starter-logging-2.7.18.jar:/Users/chensoul/.m2/repository/ch/qos/logback/logback-classic/1.2.12/logback-classic-1.2.12.jar:/Users/chensoul/.m2/repository/ch/qos/logback/logback-core/1.2.12/logback-core-1.2.12.jar:/Users/chensoul/.m2/repository/org/apache/logging/log4j/log4j-to-slf4j/2.17.2/log4j-to-slf4j-2.17.2.jar:/Users/chensoul/.m2/repository/org/apache/logging/log4j/log4j-api/2.17.2/log4j-api-2.17.2.jar:/Users/chensoul/.m2/repository/org/slf4j/jul-to-slf4j/1.7.36/jul-to-slf4j-1.7.36.jar:/Users/chensoul/.m2/repository/jakarta/annotation/jakarta.annotation-api/1.3.5/jakarta.annotation-api-1.3.5.jar:/Users/chensoul/.m2/repository/org/yaml/snakeyaml/1.30/snakeyaml-1.30.jar:/Users/chensoul/.m2/repository/org/springframework/boot/spring-boot-starter-json/2.7.18/spring-boot-starter-json-2.7.18.jar:/Users/chensoul/.m2/repository/com/fasterxml/jackson/datatype/jackson-datatype-jdk8/2.13.5/jackson-datatype-jdk8-2.13.5.jar:/Users/chensoul/.m2/repository/com/fasterxml/jackson/datatype/jackson-datatype-jsr310/2.13.5/jackson-datatype-jsr310-2.13.5.jar:/Users/chensoul/.m2/repository/com/fasterxml/jackson/module/jackson-module-parameter-names/2.13.5/jackson-module-parameter-names-2.13.5.jar:/Users/chensoul/.m2/repository/org/springframework/boot/spring-boot-starter-tomcat/2.7.18/spring-boot-starter-tomcat-2.7.18.jar:/Users/chensoul/.m2/repository/org/apache/tomcat/embed/tomcat-embed-core/9.0.83/tomcat-embed-core-9.0.83.jar:/Users/chensoul/.m2/repository/org/apache/tomcat/embed/tomcat-embed-el/9.0.83/tomcat-embed-el-9.0.83.jar:/Users/chensoul/.m2/repository/org/apache/tomcat/embed/tomcat-embed-websocket/9.0.83/tomcat-embed-websocket-9.0.83.jar:/Users/chensoul/.m2/repository/org/springframework/spring-web/5.3.31/spring-web-5.3.31.jar:/Users/chensoul/.m2/repository/org/springframework/spring-beans/5.3.31/spring-beans-5.3.31.jar:/Users/chensoul/.m2/repository/org/springframework/spring-webmvc/5.3.31/spring-webmvc-5.3.31.jar:/Users/chensoul/.m2/repository/org/springframework/spring-aop/5.3.31/spring-aop-5.3.31.jar:/Users/chensoul/.m2/repository/org/springframework/spring-context/5.3.31/spring-context-5.3.31.jar:/Users/chensoul/.m2/repository/org/springframework/spring-expression/5.3.31/spring-expression-5.3.31.jar:/Users/chensoul/.m2/repository/org/springframework/security/oauth/boot/spring-security-oauth2-autoconfigure/2.6.8/spring-security-oauth2-autoconfigure-2.6.8.jar:/Users/chensoul/.m2/repository/com/fasterxml/jackson/core/jackson-annotations/2.13.5/jackson-annotations-2.13.5.jar:/Users/chensoul/.m2/repository/com/fasterxml/jackson/core/jackson-databind/2.13.5/jackson-databind-2.13.5.jar:/Users/chensoul/.m2/repository/com/fasterxml/jackson/core/jackson-core/2.13.5/jackson-core-2.13.5.jar:/Users/chensoul/.m2/repository/javax/xml/bind/jaxb-api/2.3.1/jaxb-api-2.3.1.jar:/Users/chensoul/.m2/repository/javax/activation/javax.activation-api/1.2.0/javax.activation-api-1.2.0.jar:/Users/chensoul/.m2/repository/org/springframework/boot/spring-boot/2.7.18/spring-boot-2.7.18.jar:/Users/chensoul/.m2/repository/org/springframework/boot/spring-boot-autoconfigure/2.7.18/spring-boot-autoconfigure-2.7.18.jar:/Users/chensoul/.m2/repository/org/springframework/security/oauth/spring-security-oauth2/2.5.2.RELEASE/spring-security-oauth2-2.5.2.RELEASE.jar:/Users/chensoul/.m2/repository/org/springframework/security/spring-security-config/5.7.11/spring-security-config-5.7.11.jar:/Users/chensoul/.m2/repository/commons-codec/commons-codec/1.15/commons-codec-1.15.jar:/Users/chensoul/.m2/repository/org/springframework/security/spring-security-jwt/1.1.1.RELEASE/spring-security-jwt-1.1.1.RELEASE.jar:/Users/chensoul/.m2/repository/org/bouncycastle/bcpkix-jdk15on/1.64/bcpkix-jdk15on-1.64.jar:/Users/chensoul/.m2/repository/org/bouncycastle/bcprov-jdk15on/1.64/bcprov-jdk15on-1.64.jar:/Users/chensoul/.m2/repository/org/glassfish/jaxb/jaxb-runtime/2.3.9/jaxb-runtime-2.3.9.jar:/Users/chensoul/.m2/repository/org/glassfish/jaxb/txw2/2.3.9/txw2-2.3.9.jar:/Users/chensoul/.m2/repository/com/sun/istack/istack-commons-runtime/3.0.12/istack-commons-runtime-3.0.12.jar:/Users/chensoul/.m2/repository/com/sun/activation/jakarta.activation/1.2.2/jakarta.activation-1.2.2.jar:/Users/chensoul/.m2/repository/org/springframework/boot/spring-boot-starter-test/2.7.18/spring-boot-starter-test-2.7.18.jar:/Users/chensoul/.m2/repository/org/springframework/boot/spring-boot-test/2.7.18/spring-boot-test-2.7.18.jar:/Users/chensoul/.m2/repository/org/springframework/boot/spring-boot-test-autoconfigure/2.7.18/spring-boot-test-autoconfigure-2.7.18.jar:/Users/chensoul/.m2/repository/com/jayway/jsonpath/json-path/2.7.0/json-path-2.7.0.jar:/Users/chensoul/.m2/repository/net/minidev/json-smart/2.4.11/json-smart-2.4.11.jar:/Users/chensoul/.m2/repository/net/minidev/accessors-smart/2.4.11/accessors-smart-2.4.11.jar:/Users/chensoul/.m2/repository/org/ow2/asm/asm/9.3/asm-9.3.jar:/Users/chensoul/.m2/repository/org/slf4j/slf4j-api/1.7.36/slf4j-api-1.7.36.jar:/Users/chensoul/.m2/repository/jakarta/xml/bind/jakarta.xml.bind-api/2.3.3/jakarta.xml.bind-api-2.3.3.jar:/Users/chensoul/.m2/repository/jakarta/activation/jakarta.activation-api/1.2.2/jakarta.activation-api-1.2.2.jar:/Users/chensoul/.m2/repository/org/assertj/assertj-core/3.22.0/assertj-core-3.22.0.jar:/Users/chensoul/.m2/repository/org/hamcrest/hamcrest/2.2/hamcrest-2.2.jar:/Users/chensoul/.m2/repository/org/junit/jupiter/junit-jupiter/5.8.2/junit-jupiter-5.8.2.jar:/Users/chensoul/.m2/repository/org/junit/jupiter/junit-jupiter-api/5.8.2/junit-jupiter-api-5.8.2.jar:/Users/chensoul/.m2/repository/org/opentest4j/opentest4j/1.2.0/opentest4j-1.2.0.jar:/Users/chensoul/.m2/repository/org/junit/platform/junit-platform-commons/1.8.2/junit-platform-commons-1.8.2.jar:/Users/chensoul/.m2/repository/org/apiguardian/apiguardian-api/1.1.2/apiguardian-api-1.1.2.jar:/Users/chensoul/.m2/repository/org/junit/jupiter/junit-jupiter-params/5.8.2/junit-jupiter-params-5.8.2.jar:/Users/chensoul/.m2/repository/org/junit/jupiter/junit-jupiter-engine/5.8.2/junit-jupiter-engine-5.8.2.jar:/Users/chensoul/.m2/repository/org/junit/platform/junit-platform-engine/1.8.2/junit-platform-engine-1.8.2.jar:/Users/chensoul/.m2/repository/org/mockito/mockito-core/4.5.1/mockito-core-4.5.1.jar:/Users/chensoul/.m2/repository/net/bytebuddy/byte-buddy/1.12.23/byte-buddy-1.12.23.jar:/Users/chensoul/.m2/repository/net/bytebuddy/byte-buddy-agent/1.12.23/byte-buddy-agent-1.12.23.jar:/Users/chensoul/.m2/repository/org/objenesis/objenesis/3.2/objenesis-3.2.jar:/Users/chensoul/.m2/repository/org/mockito/mockito-junit-jupiter/4.5.1/mockito-junit-jupiter-4.5.1.jar:/Users/chensoul/.m2/repository/org/skyscreamer/jsonassert/1.5.1/jsonassert-1.5.1.jar:/Users/chensoul/.m2/repository/com/vaadin/external/google/android-json/0.0.20131108.vaadin1/android-json-0.0.20131108.vaadin1.jar:/Users/chensoul/.m2/repository/org/springframework/spring-core/5.3.31/spring-core-5.3.31.jar:/Users/chensoul/.m2/repository/org/springframework/spring-jcl/5.3.31/spring-jcl-5.3.31.jar:/Users/chensoul/.m2/repository/org/springframework/spring-test/5.3.31/spring-test-5.3.31.jar:/Users/chensoul/.m2/repository/org/xmlunit/xmlunit-core/2.9.1/xmlunit-core-2.9.1.jar:/Users/chensoul/.m2/repository/org/springframework/security/spring-security-test/5.7.11/spring-security-test-5.7.11.jar:/Users/chensoul/.m2/repository/org/springframework/security/spring-security-core/5.7.11/spring-security-core-5.7.11.jar:/Users/chensoul/.m2/repository/org/springframework/security/spring-security-crypto/5.7.11/spring-security-crypto-5.7.11.jar:/Users/chensoul/.m2/repository/org/springframework/security/spring-security-web/5.7.11/spring-security-web-5.7.11.jar:"/>
    <property name="java.vm.vendor" value="Azul Systems, Inc."/>
    <property name="sun.arch.data.model" value="64"/>
    <property name="java.vendor.url" value="http://www.azul.com/"/>
    <property name="os.name" value="Mac OS X"/>
    <property name="java.vm.specification.version" value="21"/>
    <property name="sun.java.launcher" value="SUN_STANDARD"/>
    <property name="user.country" value="CN"/>
    <property name="sun.boot.library.path" value="/Library/Java/JavaVirtualMachines/zulu-21.jdk/Contents/Home/lib"/>
    <property name="sun.java.command" value="/Users/chensoul/codes/github/learn-spring-security/oauth2-legacy-lesson01/spring-boot-sample-secure-oauth2-provider/target/surefire/surefirebooter975508316134088046.jar /Users/chensoul/codes/github/learn-spring-security/oauth2-legacy-lesson01/spring-boot-sample-secure-oauth2-provider/target/surefire 2024-09-24T21-27-49_739-jvmRun1 surefire11188125863987962553tmp surefire_013721012953160184611tmp"/>
    <property name="http.nonProxyHosts" value="local|*.local|169.254/16|*.169.254/16"/>
    <property name="jdk.debug" value="release"/>
    <property name="surefire.test.class.path" value="/Users/chensoul/codes/github/learn-spring-security/oauth2-legacy-lesson01/spring-boot-sample-secure-oauth2-provider/target/test-classes:/Users/chensoul/codes/github/learn-spring-security/oauth2-legacy-lesson01/spring-boot-sample-secure-oauth2-provider/target/classes:/Users/chensoul/.m2/repository/org/springframework/boot/spring-boot-starter-web/2.7.18/spring-boot-starter-web-2.7.18.jar:/Users/chensoul/.m2/repository/org/springframework/boot/spring-boot-starter/2.7.18/spring-boot-starter-2.7.18.jar:/Users/chensoul/.m2/repository/org/springframework/boot/spring-boot-starter-logging/2.7.18/spring-boot-starter-logging-2.7.18.jar:/Users/chensoul/.m2/repository/ch/qos/logback/logback-classic/1.2.12/logback-classic-1.2.12.jar:/Users/chensoul/.m2/repository/ch/qos/logback/logback-core/1.2.12/logback-core-1.2.12.jar:/Users/chensoul/.m2/repository/org/apache/logging/log4j/log4j-to-slf4j/2.17.2/log4j-to-slf4j-2.17.2.jar:/Users/chensoul/.m2/repository/org/apache/logging/log4j/log4j-api/2.17.2/log4j-api-2.17.2.jar:/Users/chensoul/.m2/repository/org/slf4j/jul-to-slf4j/1.7.36/jul-to-slf4j-1.7.36.jar:/Users/chensoul/.m2/repository/jakarta/annotation/jakarta.annotation-api/1.3.5/jakarta.annotation-api-1.3.5.jar:/Users/chensoul/.m2/repository/org/yaml/snakeyaml/1.30/snakeyaml-1.30.jar:/Users/chensoul/.m2/repository/org/springframework/boot/spring-boot-starter-json/2.7.18/spring-boot-starter-json-2.7.18.jar:/Users/chensoul/.m2/repository/com/fasterxml/jackson/datatype/jackson-datatype-jdk8/2.13.5/jackson-datatype-jdk8-2.13.5.jar:/Users/chensoul/.m2/repository/com/fasterxml/jackson/datatype/jackson-datatype-jsr310/2.13.5/jackson-datatype-jsr310-2.13.5.jar:/Users/chensoul/.m2/repository/com/fasterxml/jackson/module/jackson-module-parameter-names/2.13.5/jackson-module-parameter-names-2.13.5.jar:/Users/chensoul/.m2/repository/org/springframework/boot/spring-boot-starter-tomcat/2.7.18/spring-boot-starter-tomcat-2.7.18.jar:/Users/chensoul/.m2/repository/org/apache/tomcat/embed/tomcat-embed-core/9.0.83/tomcat-embed-core-9.0.83.jar:/Users/chensoul/.m2/repository/org/apache/tomcat/embed/tomcat-embed-el/9.0.83/tomcat-embed-el-9.0.83.jar:/Users/chensoul/.m2/repository/org/apache/tomcat/embed/tomcat-embed-websocket/9.0.83/tomcat-embed-websocket-9.0.83.jar:/Users/chensoul/.m2/repository/org/springframework/spring-web/5.3.31/spring-web-5.3.31.jar:/Users/chensoul/.m2/repository/org/springframework/spring-beans/5.3.31/spring-beans-5.3.31.jar:/Users/chensoul/.m2/repository/org/springframework/spring-webmvc/5.3.31/spring-webmvc-5.3.31.jar:/Users/chensoul/.m2/repository/org/springframework/spring-aop/5.3.31/spring-aop-5.3.31.jar:/Users/chensoul/.m2/repository/org/springframework/spring-context/5.3.31/spring-context-5.3.31.jar:/Users/chensoul/.m2/repository/org/springframework/spring-expression/5.3.31/spring-expression-5.3.31.jar:/Users/chensoul/.m2/repository/org/springframework/security/oauth/boot/spring-security-oauth2-autoconfigure/2.6.8/spring-security-oauth2-autoconfigure-2.6.8.jar:/Users/chensoul/.m2/repository/com/fasterxml/jackson/core/jackson-annotations/2.13.5/jackson-annotations-2.13.5.jar:/Users/chensoul/.m2/repository/com/fasterxml/jackson/core/jackson-databind/2.13.5/jackson-databind-2.13.5.jar:/Users/chensoul/.m2/repository/com/fasterxml/jackson/core/jackson-core/2.13.5/jackson-core-2.13.5.jar:/Users/chensoul/.m2/repository/javax/xml/bind/jaxb-api/2.3.1/jaxb-api-2.3.1.jar:/Users/chensoul/.m2/repository/javax/activation/javax.activation-api/1.2.0/javax.activation-api-1.2.0.jar:/Users/chensoul/.m2/repository/org/springframework/boot/spring-boot/2.7.18/spring-boot-2.7.18.jar:/Users/chensoul/.m2/repository/org/springframework/boot/spring-boot-autoconfigure/2.7.18/spring-boot-autoconfigure-2.7.18.jar:/Users/chensoul/.m2/repository/org/springframework/security/oauth/spring-security-oauth2/2.5.2.RELEASE/spring-security-oauth2-2.5.2.RELEASE.jar:/Users/chensoul/.m2/repository/org/springframework/security/spring-security-config/5.7.11/spring-security-config-5.7.11.jar:/Users/chensoul/.m2/repository/commons-codec/commons-codec/1.15/commons-codec-1.15.jar:/Users/chensoul/.m2/repository/org/springframework/security/spring-security-jwt/1.1.1.RELEASE/spring-security-jwt-1.1.1.RELEASE.jar:/Users/chensoul/.m2/repository/org/bouncycastle/bcpkix-jdk15on/1.64/bcpkix-jdk15on-1.64.jar:/Users/chensoul/.m2/repository/org/bouncycastle/bcprov-jdk15on/1.64/bcprov-jdk15on-1.64.jar:/Users/chensoul/.m2/repository/org/glassfish/jaxb/jaxb-runtime/2.3.9/jaxb-runtime-2.3.9.jar:/Users/chensoul/.m2/repository/org/glassfish/jaxb/txw2/2.3.9/txw2-2.3.9.jar:/Users/chensoul/.m2/repository/com/sun/istack/istack-commons-runtime/3.0.12/istack-commons-runtime-3.0.12.jar:/Users/chensoul/.m2/repository/com/sun/activation/jakarta.activation/1.2.2/jakarta.activation-1.2.2.jar:/Users/chensoul/.m2/repository/org/springframework/boot/spring-boot-starter-test/2.7.18/spring-boot-starter-test-2.7.18.jar:/Users/chensoul/.m2/repository/org/springframework/boot/spring-boot-test/2.7.18/spring-boot-test-2.7.18.jar:/Users/chensoul/.m2/repository/org/springframework/boot/spring-boot-test-autoconfigure/2.7.18/spring-boot-test-autoconfigure-2.7.18.jar:/Users/chensoul/.m2/repository/com/jayway/jsonpath/json-path/2.7.0/json-path-2.7.0.jar:/Users/chensoul/.m2/repository/net/minidev/json-smart/2.4.11/json-smart-2.4.11.jar:/Users/chensoul/.m2/repository/net/minidev/accessors-smart/2.4.11/accessors-smart-2.4.11.jar:/Users/chensoul/.m2/repository/org/ow2/asm/asm/9.3/asm-9.3.jar:/Users/chensoul/.m2/repository/org/slf4j/slf4j-api/1.7.36/slf4j-api-1.7.36.jar:/Users/chensoul/.m2/repository/jakarta/xml/bind/jakarta.xml.bind-api/2.3.3/jakarta.xml.bind-api-2.3.3.jar:/Users/chensoul/.m2/repository/jakarta/activation/jakarta.activation-api/1.2.2/jakarta.activation-api-1.2.2.jar:/Users/chensoul/.m2/repository/org/assertj/assertj-core/3.22.0/assertj-core-3.22.0.jar:/Users/chensoul/.m2/repository/org/hamcrest/hamcrest/2.2/hamcrest-2.2.jar:/Users/chensoul/.m2/repository/org/junit/jupiter/junit-jupiter/5.8.2/junit-jupiter-5.8.2.jar:/Users/chensoul/.m2/repository/org/junit/jupiter/junit-jupiter-api/5.8.2/junit-jupiter-api-5.8.2.jar:/Users/chensoul/.m2/repository/org/opentest4j/opentest4j/1.2.0/opentest4j-1.2.0.jar:/Users/chensoul/.m2/repository/org/junit/platform/junit-platform-commons/1.8.2/junit-platform-commons-1.8.2.jar:/Users/chensoul/.m2/repository/org/apiguardian/apiguardian-api/1.1.2/apiguardian-api-1.1.2.jar:/Users/chensoul/.m2/repository/org/junit/jupiter/junit-jupiter-params/5.8.2/junit-jupiter-params-5.8.2.jar:/Users/chensoul/.m2/repository/org/junit/jupiter/junit-jupiter-engine/5.8.2/junit-jupiter-engine-5.8.2.jar:/Users/chensoul/.m2/repository/org/junit/platform/junit-platform-engine/1.8.2/junit-platform-engine-1.8.2.jar:/Users/chensoul/.m2/repository/org/mockito/mockito-core/4.5.1/mockito-core-4.5.1.jar:/Users/chensoul/.m2/repository/net/bytebuddy/byte-buddy/1.12.23/byte-buddy-1.12.23.jar:/Users/chensoul/.m2/repository/net/bytebuddy/byte-buddy-agent/1.12.23/byte-buddy-agent-1.12.23.jar:/Users/chensoul/.m2/repository/org/objenesis/objenesis/3.2/objenesis-3.2.jar:/Users/chensoul/.m2/repository/org/mockito/mockito-junit-jupiter/4.5.1/mockito-junit-jupiter-4.5.1.jar:/Users/chensoul/.m2/repository/org/skyscreamer/jsonassert/1.5.1/jsonassert-1.5.1.jar:/Users/chensoul/.m2/repository/com/vaadin/external/google/android-json/0.0.20131108.vaadin1/android-json-0.0.20131108.vaadin1.jar:/Users/chensoul/.m2/repository/org/springframework/spring-core/5.3.31/spring-core-5.3.31.jar:/Users/chensoul/.m2/repository/org/springframework/spring-jcl/5.3.31/spring-jcl-5.3.31.jar:/Users/chensoul/.m2/repository/org/springframework/spring-test/5.3.31/spring-test-5.3.31.jar:/Users/chensoul/.m2/repository/org/xmlunit/xmlunit-core/2.9.1/xmlunit-core-2.9.1.jar:/Users/chensoul/.m2/repository/org/springframework/security/spring-security-test/5.7.11/spring-security-test-5.7.11.jar:/Users/chensoul/.m2/repository/org/springframework/security/spring-security-core/5.7.11/spring-security-core-5.7.11.jar:/Users/chensoul/.m2/repository/org/springframework/security/spring-security-crypto/5.7.11/spring-security-crypto-5.7.11.jar:/Users/chensoul/.m2/repository/org/springframework/security/spring-security-web/5.7.11/spring-security-web-5.7.11.jar:"/>
    <property name="sun.cpu.endian" value="little"/>
    <property name="user.home" value="/Users/chensoul"/>
    <property name="user.language" value="zh"/>
    <property name="java.specification.vendor" value="Oracle Corporation"/>
    <property name="java.version.date" value="2024-07-16"/>
    <property name="java.home" value="/Library/Java/JavaVirtualMachines/zulu-21.jdk/Contents/Home"/>
    <property name="file.separator" value="/"/>
    <property name="basedir" value="/Users/chensoul/codes/github/learn-spring-security/oauth2-legacy-lesson01/spring-boot-sample-secure-oauth2-provider"/>
    <property name="java.vm.compressedOopsMode" value="Zero based"/>
    <property name="line.separator" value="&#10;"/>
    <property name="java.vm.specification.vendor" value="Oracle Corporation"/>
    <property name="java.specification.name" value="Java Platform API Specification"/>
    <property name="apple.awt.application.name" value="ForkedBooter"/>
    <property name="surefire.real.class.path" value="/Users/chensoul/codes/github/learn-spring-security/oauth2-legacy-lesson01/spring-boot-sample-secure-oauth2-provider/target/surefire/surefirebooter975508316134088046.jar"/>
    <property name="user.script" value="Hans"/>
    <property name="sun.management.compiler" value="HotSpot 64-Bit Tiered Compilers"/>
    <property name="ftp.nonProxyHosts" value="local|*.local|169.254/16|*.169.254/16"/>
    <property name="java.runtime.version" value="21.0.4+7-LTS"/>
    <property name="user.name" value="chensoul"/>
    <property name="stdout.encoding" value="UTF-8"/>
    <property name="path.separator" value=":"/>
    <property name="os.version" value="14.3.1"/>
    <property name="java.runtime.name" value="OpenJDK Runtime Environment"/>
    <property name="file.encoding" value="UTF-8"/>
    <property name="java.vm.name" value="OpenJDK 64-Bit Server VM"/>
    <property name="java.vendor.version" value="Zulu21.36+17-CA"/>
    <property name="localRepository" value="/Users/chensoul/.m2/repository"/>
    <property name="java.vendor.url.bug" value="http://www.azul.com/support/"/>
    <property name="java.io.tmpdir" value="/var/folders/zr/hghp3h8x2l16x1fkhz6n334m0000gn/T/"/>
    <property name="idea.version" value="2024.2.2"/>
    <property name="java.version" value="21.0.4"/>
    <property name="user.dir" value="/Users/chensoul/codes/github/learn-spring-security/oauth2-legacy-lesson01/spring-boot-sample-secure-oauth2-provider"/>
    <property name="os.arch" value="aarch64"/>
    <property name="java.vm.specification.name" value="Java Virtual Machine Specification"/>
    <property name="native.encoding" value="UTF-8"/>
    <property name="java.library.path" value="/Users/chensoul/Library/Java/Extensions:/Library/Java/Extensions:/Network/Library/Java/Extensions:/System/Library/Java/Extensions:/usr/lib/java:."/>
    <property name="java.vm.info" value="mixed mode, sharing"/>
    <property name="stderr.encoding" value="UTF-8"/>
    <property name="java.vendor" value="Azul Systems, Inc."/>
    <property name="java.vm.version" value="21.0.4+7-LTS"/>
    <property name="sun.io.unicode.encoding" value="UnicodeBig"/>
    <property name="socksNonProxyHosts" value="local|*.local|169.254/16|*.169.254/16"/>
    <property name="java.class.version" value="65.0"/>
  </properties>
  <testcase name="tokenWhenUsingClientCredentialsThenIsValid" classname="com.chensoul.lss.OAuth2ProviderApplicationTests" time="0.116">
    <failure message="Status expected:&lt;200&gt; but was:&lt;400&gt;" type="java.lang.AssertionError"><![CDATA[java.lang.AssertionError: Status expected:<200> but was:<400>
	at com.chensoul.lss.OAuth2ProviderApplicationTests.tokenWhenUsingClientCredentialsThenIsValid(OAuth2ProviderApplicationTests.java:45)
]]></failure>
    <system-out><![CDATA[21:33:59.172 [main] DEBUG org.springframework.test.context.BootstrapUtils - Instantiating CacheAwareContextLoaderDelegate from class [org.springframework.test.context.cache.DefaultCacheAwareContextLoaderDelegate]
21:33:59.176 [main] DEBUG org.springframework.test.context.BootstrapUtils - Instantiating BootstrapContext using constructor [public org.springframework.test.context.support.DefaultBootstrapContext(java.lang.Class,org.springframework.test.context.CacheAwareContextLoaderDelegate)]
21:33:59.190 [main] DEBUG org.springframework.test.context.BootstrapUtils - Instantiating TestContextBootstrapper for test class [com.chensoul.lss.OAuth2ProviderApplicationTests] from class [org.springframework.boot.test.context.SpringBootTestContextBootstrapper]
21:33:59.195 [main] INFO org.springframework.boot.test.context.SpringBootTestContextBootstrapper - Neither @ContextConfiguration nor @ContextHierarchy found for test class [com.chensoul.lss.OAuth2ProviderApplicationTests], using SpringBootContextLoader
21:33:59.196 [main] DEBUG org.springframework.test.context.support.AbstractContextLoader - Did not detect default resource location for test class [com.chensoul.lss.OAuth2ProviderApplicationTests]: class path resource [com/chensoul/lss/OAuth2ProviderApplicationTests-context.xml] does not exist
21:33:59.196 [main] DEBUG org.springframework.test.context.support.AbstractContextLoader - Did not detect default resource location for test class [com.chensoul.lss.OAuth2ProviderApplicationTests]: class path resource [com/chensoul/lss/OAuth2ProviderApplicationTestsContext.groovy] does not exist
21:33:59.196 [main] INFO org.springframework.test.context.support.AbstractContextLoader - Could not detect default resource locations for test class [com.chensoul.lss.OAuth2ProviderApplicationTests]: no resource found for suffixes {-context.xml, Context.groovy}.
21:33:59.197 [main] INFO org.springframework.test.context.support.AnnotationConfigContextLoaderUtils - Could not detect default configuration classes for test class [com.chensoul.lss.OAuth2ProviderApplicationTests]: OAuth2ProviderApplicationTests does not declare any static, non-private, non-final, nested classes annotated with @Configuration.
21:33:59.219 [main] DEBUG org.springframework.test.context.support.ActiveProfilesUtils - Could not find an 'annotation declaring class' for annotation type [org.springframework.test.context.ActiveProfiles] and class [com.chensoul.lss.OAuth2ProviderApplicationTests]
21:33:59.240 [main] DEBUG org.springframework.context.annotation.ClassPathScanningCandidateComponentProvider - Identified candidate component class: file [/Users/chensoul/codes/github/learn-spring-security/oauth2-legacy-lesson01/spring-boot-sample-secure-oauth2-provider/target/classes/com/chensoul/lss/OAuth2ProviderApplication.class]
21:33:59.245 [main] INFO org.springframework.boot.test.context.SpringBootTestContextBootstrapper - Found @SpringBootConfiguration com.chensoul.lss.OAuth2ProviderApplication for test class com.chensoul.lss.OAuth2ProviderApplicationTests
21:33:59.275 [main] DEBUG org.springframework.boot.test.context.SpringBootTestContextBootstrapper - @TestExecutionListeners is not present for class [com.chensoul.lss.OAuth2ProviderApplicationTests]: using defaults.
21:33:59.275 [main] INFO org.springframework.boot.test.context.SpringBootTestContextBootstrapper - Loaded default TestExecutionListener class names from location [META-INF/spring.factories]: [org.springframework.boot.test.mock.mockito.MockitoTestExecutionListener, org.springframework.boot.test.mock.mockito.ResetMocksTestExecutionListener, org.springframework.boot.test.autoconfigure.restdocs.RestDocsTestExecutionListener, org.springframework.boot.test.autoconfigure.web.client.MockRestServiceServerResetTestExecutionListener, org.springframework.boot.test.autoconfigure.web.servlet.MockMvcPrintOnlyOnFailureTestExecutionListener, org.springframework.boot.test.autoconfigure.web.servlet.WebDriverTestExecutionListener, org.springframework.boot.test.autoconfigure.webservices.client.MockWebServiceServerTestExecutionListener, org.springframework.test.context.web.ServletTestExecutionListener, org.springframework.test.context.support.DirtiesContextBeforeModesTestExecutionListener, org.springframework.test.context.event.ApplicationEventsTestExecutionListener, org.springframework.test.context.support.DependencyInjectionTestExecutionListener, org.springframework.test.context.support.DirtiesContextTestExecutionListener, org.springframework.test.context.transaction.TransactionalTestExecutionListener, org.springframework.test.context.jdbc.SqlScriptsTestExecutionListener, org.springframework.test.context.event.EventPublishingTestExecutionListener, org.springframework.security.test.context.support.WithSecurityContextTestExecutionListener, org.springframework.security.test.context.support.ReactorContextTestExecutionListener]
21:33:59.279 [main] DEBUG org.springframework.boot.test.context.SpringBootTestContextBootstrapper - Skipping candidate TestExecutionListener [org.springframework.test.context.transaction.TransactionalTestExecutionListener] due to a missing dependency. Specify custom listener classes or make the default listener classes and their required dependencies available. Offending class: [org/springframework/transaction/interceptor/TransactionAttributeSource]
21:33:59.279 [main] DEBUG org.springframework.boot.test.context.SpringBootTestContextBootstrapper - Skipping candidate TestExecutionListener [org.springframework.test.context.jdbc.SqlScriptsTestExecutionListener] due to a missing dependency. Specify custom listener classes or make the default listener classes and their required dependencies available. Offending class: [org/springframework/transaction/interceptor/TransactionAttribute]
21:33:59.280 [main] INFO org.springframework.boot.test.context.SpringBootTestContextBootstrapper - Using TestExecutionListeners: [org.springframework.test.context.web.ServletTestExecutionListener@2141a12, org.springframework.test.context.support.DirtiesContextBeforeModesTestExecutionListener@4196c360, org.springframework.test.context.event.ApplicationEventsTestExecutionListener@41294f8, org.springframework.boot.test.mock.mockito.MockitoTestExecutionListener@225129c, org.springframework.boot.test.autoconfigure.SpringBootDependencyInjectionTestExecutionListener@20435c40, org.springframework.test.context.support.DirtiesContextTestExecutionListener@573906eb, org.springframework.test.context.event.EventPublishingTestExecutionListener@479ceda0, org.springframework.security.test.context.support.WithSecurityContextTestExecutionListener@6d07a63d, org.springframework.security.test.context.support.ReactorContextTestExecutionListener@571c5681, org.springframework.boot.test.mock.mockito.ResetMocksTestExecutionListener@488d1cd7, org.springframework.boot.test.autoconfigure.restdocs.RestDocsTestExecutionListener@68dc098b, org.springframework.boot.test.autoconfigure.web.client.MockRestServiceServerResetTestExecutionListener@38ba6ce3, org.springframework.boot.test.autoconfigure.web.servlet.MockMvcPrintOnlyOnFailureTestExecutionListener@d278d2b, org.springframework.boot.test.autoconfigure.web.servlet.WebDriverTestExecutionListener@2d6c53fc, org.springframework.boot.test.autoconfigure.webservices.client.MockWebServiceServerTestExecutionListener@25f4878b]
21:33:59.281 [main] DEBUG org.springframework.test.context.support.AbstractDirtiesContextTestExecutionListener - Before test class: context [DefaultTestContext@20c0a64d testClass = OAuth2ProviderApplicationTests, testInstance = [null], testMethod = [null], testException = [null], mergedContextConfiguration = [WebMergedContextConfiguration@455b6df1 testClass = OAuth2ProviderApplicationTests, locations = '{}', classes = '{class com.chensoul.lss.OAuth2ProviderApplication}', contextInitializerClasses = '[]', activeProfiles = '{}', propertySourceLocations = '{}', propertySourceProperties = '{org.springframework.boot.test.context.SpringBootTestContextBootstrapper=true}', contextCustomizers = set[[ImportsContextCustomizer@4ddbbdf8 key = [org.springframework.boot.test.autoconfigure.web.servlet.MockMvcWebDriverAutoConfiguration, org.springframework.boot.test.autoconfigure.web.servlet.MockMvcAutoConfiguration, org.springframework.boot.autoconfigure.security.oauth2.client.servlet.OAuth2ClientAutoConfiguration, org.springframework.boot.autoconfigure.security.servlet.SecurityAutoConfiguration, org.springframework.boot.autoconfigure.security.servlet.SecurityFilterAutoConfiguration, org.springframework.boot.autoconfigure.security.servlet.UserDetailsServiceAutoConfiguration, org.springframework.boot.autoconfigure.security.oauth2.resource.servlet.OAuth2ResourceServerAutoConfiguration, org.springframework.boot.test.autoconfigure.web.servlet.MockMvcSecurityConfiguration, org.springframework.boot.test.autoconfigure.web.servlet.MockMvcWebClientAutoConfiguration, org.springframework.boot.test.autoconfigure.web.reactive.WebTestClientAutoConfiguration]], org.springframework.boot.test.context.filter.ExcludeFilterContextCustomizer@11bd0f3b, org.springframework.boot.test.json.DuplicateJsonObjectContextCustomizerFactory$DuplicateJsonObjectContextCustomizer@72cde7cc, org.springframework.boot.test.mock.mockito.MockitoContextCustomizer@0, org.springframework.boot.test.web.client.TestRestTemplateContextCustomizer@4e096385, org.springframework.boot.test.autoconfigure.actuate.metrics.MetricsExportContextCustomizerFactory$DisableMetricExportContextCustomizer@22e357dc, org.springframework.boot.test.autoconfigure.properties.PropertyMappingContextCustomizer@4b3fa0b3, org.springframework.boot.test.autoconfigure.web.servlet.WebDriverContextCustomizerFactory$Customizer@15aab8c6, org.springframework.boot.test.context.SpringBootTestArgs@1, org.springframework.boot.test.context.SpringBootTestWebEnvironment@3e9b1010], resourceBasePath = 'src/main/webapp', contextLoader = 'org.springframework.boot.test.context.SpringBootContextLoader', parent = [null]], attributes = map['org.springframework.test.context.web.ServletTestExecutionListener.activateListener' -> true]], class annotated with @DirtiesContext [false] with mode [null].

  .   ____          _            __ _ _
 /\\ / ___'_ __ _ _(_)_ __  __ _ \ \ \ \
( ( )\___ | '_ | '_| | '_ \/ _` | \ \ \ \
 \\/  ___)| |_)| | | | | || (_| |  ) ) ) )
  '  |____| .__|_| |_|_| |_\__, | / / / /
 =========|_|==============|___/=/_/_/_/
 :: Spring Boot ::               (v2.7.18)

2024-09-24 21:33:59.632  INFO 1749 --- [           main] c.c.lss.OAuth2ProviderApplicationTests   : Starting OAuth2ProviderApplicationTests using Java 21.0.4 on chensoul-mac.local with PID 1749 (started by chensoul in /Users/chensoul/codes/github/learn-spring-security/oauth2-legacy-lesson01/spring-boot-sample-secure-oauth2-provider)
2024-09-24 21:33:59.633  INFO 1749 --- [           main] c.c.lss.OAuth2ProviderApplicationTests   : No active profile set, falling back to 1 default profile: "default"
2024-09-24 21:34:00.165  INFO 1749 --- [           main] a.OAuth2AuthorizationServerConfiguration : Initialized OAuth2 Client

security.oauth2.client.client-id = client
security.oauth2.client.client-secret = ****


2024-09-24 21:34:00.400  INFO 1749 --- [           main] o.s.s.web.DefaultSecurityFilterChain     : Will secure Or [Ant [pattern='/oauth/token'], Ant [pattern='/oauth/token_key'], Ant [pattern='/oauth/check_token']] with [org.springframework.security.web.session.DisableEncodeUrlFilter@149aa7b2, org.springframework.security.web.context.request.async.WebAsyncManagerIntegrationFilter@3ca3648, org.springframework.security.web.context.SecurityContextPersistenceFilter@6b9c42bd, org.springframework.security.web.header.HeaderWriterFilter@509a6095, org.springframework.security.web.authentication.logout.LogoutFilter@3079c26a, org.springframework.security.web.authentication.www.BasicAuthenticationFilter@4f811029, org.springframework.security.web.savedrequest.RequestCacheAwareFilter@37d3e140, org.springframework.security.web.servletapi.SecurityContextHolderAwareRequestFilter@2aea717c, org.springframework.security.web.authentication.AnonymousAuthenticationFilter@2a99ca99, org.springframework.security.web.session.SessionManagementFilter@279126f5, org.springframework.security.web.access.ExceptionTranslationFilter@70d4f672, org.springframework.security.web.access.intercept.FilterSecurityInterceptor@2e0ad709]
2024-09-24 21:34:00.405  INFO 1749 --- [           main] o.s.s.web.DefaultSecurityFilterChain     : Will secure Or [Ant [pattern='/users/userinfo']] with [org.springframework.security.web.session.DisableEncodeUrlFilter@1be52861, org.springframework.security.web.context.request.async.WebAsyncManagerIntegrationFilter@5fb5ad40, org.springframework.security.web.context.SecurityContextPersistenceFilter@42cf6349, org.springframework.security.web.header.HeaderWriterFilter@7ec3a8bd, org.springframework.security.web.authentication.logout.LogoutFilter@62ea8931, org.springframework.security.oauth2.provider.authentication.OAuth2AuthenticationProcessingFilter@7ac5b4c, org.springframework.security.web.savedrequest.RequestCacheAwareFilter@79cb8ffa, org.springframework.security.web.servletapi.SecurityContextHolderAwareRequestFilter@1a2e563e, org.springframework.security.web.authentication.AnonymousAuthenticationFilter@615439f7, org.springframework.security.web.session.SessionManagementFilter@9690008, org.springframework.security.web.access.ExceptionTranslationFilter@2d22d3b1, org.springframework.security.web.access.intercept.FilterSecurityInterceptor@7a3f08b6]
2024-09-24 21:34:00.434  INFO 1749 --- [           main] o.s.b.t.m.w.SpringBootMockServletContext : Initializing Spring TestDispatcherServlet ''
2024-09-24 21:34:00.434  INFO 1749 --- [           main] o.s.t.web.servlet.TestDispatcherServlet  : Initializing Servlet ''
2024-09-24 21:34:00.435  INFO 1749 --- [           main] o.s.t.web.servlet.TestDispatcherServlet  : Completed initialization in 1 ms
2024-09-24 21:34:00.444  INFO 1749 --- [           main] c.c.lss.OAuth2ProviderApplicationTests   : Started OAuth2ProviderApplicationTests in 1.1 seconds (JVM running for 1.528)
2024-09-24 21:34:00.547  WARN 1749 --- [           main] o.s.s.o.provider.endpoint.TokenEndpoint  : Handling error: InvalidScopeException, Invalid scope

MockHttpServletRequest:
      HTTP Method = POST
      Request URI = /oauth/token
       Parameters = {grant_type=[client_credentials], scope=[any]}
          Headers = [Authorization:"Basic Y2xpZW50OnNlY3JldA=="]
             Body = null
    Session Attrs = {}

Handler:
             Type = org.springframework.security.oauth2.provider.endpoint.TokenEndpoint
           Method = org.springframework.security.oauth2.provider.endpoint.TokenEndpoint#postAccessToken(Principal, Map)

Async:
    Async started = false
     Async result = null

Resolved Exception:
             Type = org.springframework.security.oauth2.common.exceptions.InvalidScopeException

ModelAndView:
        View name = null
             View = null
            Model = null

FlashMap:
       Attributes = null

MockHttpServletResponse:
           Status = 400
    Error message = null
          Headers = [Cache-Control:"no-store", Pragma:"no-cache", Content-Type:"application/json", X-Content-Type-Options:"nosniff", X-XSS-Protection:"1; mode=block", X-Frame-Options:"DENY"]
     Content type = application/json
             Body = {"error":"invalid_scope","error_description":"Invalid scope","scope":"read write"}
    Forwarded URL = null
   Redirected URL = null
          Cookies = []
]]></system-out>
  </testcase>
</testsuite>